:: loading settings :: url = jar:file:/opt/bitnami/spark/jars/ivy-2.5.0.jar!/org/apache/ivy/core/settings/ivysettings.xml
Ivy Default Cache set to: /opt/bitnami/spark/.ivy2/cache
The jars for the packages stored in: /opt/bitnami/spark/.ivy2/jars
org.apache.spark#spark-sql-kafka-0-10_2.12 added as a dependency
:: resolving dependencies :: org.apache.spark#spark-submit-parent-c9af82b8-b8a3-484a-a3e8-34533f88212a;1.0
	confs: [default]
	found org.apache.spark#spark-sql-kafka-0-10_2.12;3.0.0 in central
	found org.apache.spark#spark-token-provider-kafka-0-10_2.12;3.0.0 in central
	found org.apache.kafka#kafka-clients;2.4.1 in central
	found com.github.luben#zstd-jni;1.4.4-3 in central
	found org.lz4#lz4-java;1.7.1 in central
	found org.xerial.snappy#snappy-java;1.1.7.5 in central
	found org.slf4j#slf4j-api;1.7.30 in central
	found org.spark-project.spark#unused;1.0.0 in central
	found org.apache.commons#commons-pool2;2.6.2 in central
:: resolution report :: resolve 1172ms :: artifacts dl 51ms
	:: modules in use:
	com.github.luben#zstd-jni;1.4.4-3 from central in [default]
	org.apache.commons#commons-pool2;2.6.2 from central in [default]
	org.apache.kafka#kafka-clients;2.4.1 from central in [default]
	org.apache.spark#spark-sql-kafka-0-10_2.12;3.0.0 from central in [default]
	org.apache.spark#spark-token-provider-kafka-0-10_2.12;3.0.0 from central in [default]
	org.lz4#lz4-java;1.7.1 from central in [default]
	org.slf4j#slf4j-api;1.7.30 from central in [default]
	org.spark-project.spark#unused;1.0.0 from central in [default]
	org.xerial.snappy#snappy-java;1.1.7.5 from central in [default]
	---------------------------------------------------------------------
	|                  |            modules            ||   artifacts   |
	|       conf       | number| search|dwnlded|evicted|| number|dwnlded|
	---------------------------------------------------------------------
	|      default     |   9   |   0   |   0   |   0   ||   9   |   0   |
	---------------------------------------------------------------------
:: retrieving :: org.apache.spark#spark-submit-parent-c9af82b8-b8a3-484a-a3e8-34533f88212a
	confs: [default]
	0 artifacts copied, 9 already retrieved (0kB/21ms)
23/06/29 16:41:21 WARN NativeCodeLoader: Unable to load native-hadoop library for your platform... using builtin-java classes where applicable
Using Spark's default log4j profile: org/apache/spark/log4j-defaults.properties
23/06/29 16:41:22 INFO SparkContext: Running Spark version 3.2.1
23/06/29 16:41:22 INFO ResourceUtils: ==============================================================
23/06/29 16:41:22 INFO ResourceUtils: No custom resources configured for spark.driver.
23/06/29 16:41:22 INFO ResourceUtils: ==============================================================
23/06/29 16:41:22 INFO SparkContext: Submitted application: STEDI
23/06/29 16:41:22 INFO ResourceProfile: Default ResourceProfile created, executor resources: Map(cores -> name: cores, amount: 1, script: , vendor: , memory -> name: memory, amount: 1024, script: , vendor: , offHeap -> name: offHeap, amount: 0, script: , vendor: ), task resources: Map(cpus -> name: cpus, amount: 1.0)
23/06/29 16:41:22 INFO ResourceProfile: Limiting resource is cpu
23/06/29 16:41:22 INFO ResourceProfileManager: Added ResourceProfile id: 0
23/06/29 16:41:22 INFO SecurityManager: Changing view acls to: spark
23/06/29 16:41:22 INFO SecurityManager: Changing modify acls to: spark
23/06/29 16:41:22 INFO SecurityManager: Changing view acls groups to: 
23/06/29 16:41:22 INFO SecurityManager: Changing modify acls groups to: 
23/06/29 16:41:22 INFO SecurityManager: SecurityManager: authentication disabled; ui acls disabled; users  with view permissions: Set(spark); groups with view permissions: Set(); users  with modify permissions: Set(spark); groups with modify permissions: Set()
23/06/29 16:41:23 INFO Utils: Successfully started service 'sparkDriver' on port 41075.
23/06/29 16:41:23 INFO SparkEnv: Registering MapOutputTracker
23/06/29 16:41:23 INFO SparkEnv: Registering BlockManagerMaster
23/06/29 16:41:23 INFO BlockManagerMasterEndpoint: Using org.apache.spark.storage.DefaultTopologyMapper for getting topology information
23/06/29 16:41:23 INFO BlockManagerMasterEndpoint: BlockManagerMasterEndpoint up
23/06/29 16:41:23 INFO SparkEnv: Registering BlockManagerMasterHeartbeat
23/06/29 16:41:23 INFO DiskBlockManager: Created local directory at /tmp/blockmgr-5832e94c-1b93-44df-8975-6713b2648d95
23/06/29 16:41:23 INFO MemoryStore: MemoryStore started with capacity 366.3 MiB
23/06/29 16:41:23 INFO SparkEnv: Registering OutputCommitCoordinator
23/06/29 16:41:23 INFO Utils: Successfully started service 'SparkUI' on port 4040.
23/06/29 16:41:23 INFO SparkUI: Bound SparkUI to 0.0.0.0, and started at http://ffae6fcc9e76:4040
23/06/29 16:41:24 INFO SparkContext: Added JAR file:///opt/bitnami/spark/.ivy2/jars/org.apache.spark_spark-sql-kafka-0-10_2.12-3.0.0.jar at spark://ffae6fcc9e76:41075/jars/org.apache.spark_spark-sql-kafka-0-10_2.12-3.0.0.jar with timestamp 1688056882564
23/06/29 16:41:24 INFO SparkContext: Added JAR file:///opt/bitnami/spark/.ivy2/jars/org.apache.spark_spark-token-provider-kafka-0-10_2.12-3.0.0.jar at spark://ffae6fcc9e76:41075/jars/org.apache.spark_spark-token-provider-kafka-0-10_2.12-3.0.0.jar with timestamp 1688056882564
23/06/29 16:41:24 INFO SparkContext: Added JAR file:///opt/bitnami/spark/.ivy2/jars/org.apache.kafka_kafka-clients-2.4.1.jar at spark://ffae6fcc9e76:41075/jars/org.apache.kafka_kafka-clients-2.4.1.jar with timestamp 1688056882564
23/06/29 16:41:24 INFO SparkContext: Added JAR file:///opt/bitnami/spark/.ivy2/jars/org.apache.commons_commons-pool2-2.6.2.jar at spark://ffae6fcc9e76:41075/jars/org.apache.commons_commons-pool2-2.6.2.jar with timestamp 1688056882564
23/06/29 16:41:24 INFO SparkContext: Added JAR file:///opt/bitnami/spark/.ivy2/jars/org.spark-project.spark_unused-1.0.0.jar at spark://ffae6fcc9e76:41075/jars/org.spark-project.spark_unused-1.0.0.jar with timestamp 1688056882564
23/06/29 16:41:24 INFO SparkContext: Added JAR file:///opt/bitnami/spark/.ivy2/jars/com.github.luben_zstd-jni-1.4.4-3.jar at spark://ffae6fcc9e76:41075/jars/com.github.luben_zstd-jni-1.4.4-3.jar with timestamp 1688056882564
23/06/29 16:41:24 INFO SparkContext: Added JAR file:///opt/bitnami/spark/.ivy2/jars/org.lz4_lz4-java-1.7.1.jar at spark://ffae6fcc9e76:41075/jars/org.lz4_lz4-java-1.7.1.jar with timestamp 1688056882564
23/06/29 16:41:24 INFO SparkContext: Added JAR file:///opt/bitnami/spark/.ivy2/jars/org.xerial.snappy_snappy-java-1.1.7.5.jar at spark://ffae6fcc9e76:41075/jars/org.xerial.snappy_snappy-java-1.1.7.5.jar with timestamp 1688056882564
23/06/29 16:41:24 INFO SparkContext: Added JAR file:///opt/bitnami/spark/.ivy2/jars/org.slf4j_slf4j-api-1.7.30.jar at spark://ffae6fcc9e76:41075/jars/org.slf4j_slf4j-api-1.7.30.jar with timestamp 1688056882564
23/06/29 16:41:24 INFO SparkContext: Added file file:///opt/bitnami/spark/.ivy2/jars/org.apache.spark_spark-sql-kafka-0-10_2.12-3.0.0.jar at file:///opt/bitnami/spark/.ivy2/jars/org.apache.spark_spark-sql-kafka-0-10_2.12-3.0.0.jar with timestamp 1688056882564
23/06/29 16:41:24 INFO Utils: Copying /opt/bitnami/spark/.ivy2/jars/org.apache.spark_spark-sql-kafka-0-10_2.12-3.0.0.jar to /tmp/spark-631685c8-8af0-419b-a626-8450dd1efc3e/userFiles-cd401039-ab49-4ab6-a8ba-fa914fc6eb3b/org.apache.spark_spark-sql-kafka-0-10_2.12-3.0.0.jar
23/06/29 16:41:24 INFO SparkContext: Added file file:///opt/bitnami/spark/.ivy2/jars/org.apache.spark_spark-token-provider-kafka-0-10_2.12-3.0.0.jar at file:///opt/bitnami/spark/.ivy2/jars/org.apache.spark_spark-token-provider-kafka-0-10_2.12-3.0.0.jar with timestamp 1688056882564
23/06/29 16:41:24 INFO Utils: Copying /opt/bitnami/spark/.ivy2/jars/org.apache.spark_spark-token-provider-kafka-0-10_2.12-3.0.0.jar to /tmp/spark-631685c8-8af0-419b-a626-8450dd1efc3e/userFiles-cd401039-ab49-4ab6-a8ba-fa914fc6eb3b/org.apache.spark_spark-token-provider-kafka-0-10_2.12-3.0.0.jar
23/06/29 16:41:24 INFO SparkContext: Added file file:///opt/bitnami/spark/.ivy2/jars/org.apache.kafka_kafka-clients-2.4.1.jar at file:///opt/bitnami/spark/.ivy2/jars/org.apache.kafka_kafka-clients-2.4.1.jar with timestamp 1688056882564
23/06/29 16:41:24 INFO Utils: Copying /opt/bitnami/spark/.ivy2/jars/org.apache.kafka_kafka-clients-2.4.1.jar to /tmp/spark-631685c8-8af0-419b-a626-8450dd1efc3e/userFiles-cd401039-ab49-4ab6-a8ba-fa914fc6eb3b/org.apache.kafka_kafka-clients-2.4.1.jar
23/06/29 16:41:24 INFO SparkContext: Added file file:///opt/bitnami/spark/.ivy2/jars/org.apache.commons_commons-pool2-2.6.2.jar at file:///opt/bitnami/spark/.ivy2/jars/org.apache.commons_commons-pool2-2.6.2.jar with timestamp 1688056882564
23/06/29 16:41:24 INFO Utils: Copying /opt/bitnami/spark/.ivy2/jars/org.apache.commons_commons-pool2-2.6.2.jar to /tmp/spark-631685c8-8af0-419b-a626-8450dd1efc3e/userFiles-cd401039-ab49-4ab6-a8ba-fa914fc6eb3b/org.apache.commons_commons-pool2-2.6.2.jar
23/06/29 16:41:24 INFO SparkContext: Added file file:///opt/bitnami/spark/.ivy2/jars/org.spark-project.spark_unused-1.0.0.jar at file:///opt/bitnami/spark/.ivy2/jars/org.spark-project.spark_unused-1.0.0.jar with timestamp 1688056882564
23/06/29 16:41:24 INFO Utils: Copying /opt/bitnami/spark/.ivy2/jars/org.spark-project.spark_unused-1.0.0.jar to /tmp/spark-631685c8-8af0-419b-a626-8450dd1efc3e/userFiles-cd401039-ab49-4ab6-a8ba-fa914fc6eb3b/org.spark-project.spark_unused-1.0.0.jar
23/06/29 16:41:24 INFO SparkContext: Added file file:///opt/bitnami/spark/.ivy2/jars/com.github.luben_zstd-jni-1.4.4-3.jar at file:///opt/bitnami/spark/.ivy2/jars/com.github.luben_zstd-jni-1.4.4-3.jar with timestamp 1688056882564
23/06/29 16:41:24 INFO Utils: Copying /opt/bitnami/spark/.ivy2/jars/com.github.luben_zstd-jni-1.4.4-3.jar to /tmp/spark-631685c8-8af0-419b-a626-8450dd1efc3e/userFiles-cd401039-ab49-4ab6-a8ba-fa914fc6eb3b/com.github.luben_zstd-jni-1.4.4-3.jar
23/06/29 16:41:24 INFO SparkContext: Added file file:///opt/bitnami/spark/.ivy2/jars/org.lz4_lz4-java-1.7.1.jar at file:///opt/bitnami/spark/.ivy2/jars/org.lz4_lz4-java-1.7.1.jar with timestamp 1688056882564
23/06/29 16:41:24 INFO Utils: Copying /opt/bitnami/spark/.ivy2/jars/org.lz4_lz4-java-1.7.1.jar to /tmp/spark-631685c8-8af0-419b-a626-8450dd1efc3e/userFiles-cd401039-ab49-4ab6-a8ba-fa914fc6eb3b/org.lz4_lz4-java-1.7.1.jar
23/06/29 16:41:24 INFO SparkContext: Added file file:///opt/bitnami/spark/.ivy2/jars/org.xerial.snappy_snappy-java-1.1.7.5.jar at file:///opt/bitnami/spark/.ivy2/jars/org.xerial.snappy_snappy-java-1.1.7.5.jar with timestamp 1688056882564
23/06/29 16:41:24 INFO Utils: Copying /opt/bitnami/spark/.ivy2/jars/org.xerial.snappy_snappy-java-1.1.7.5.jar to /tmp/spark-631685c8-8af0-419b-a626-8450dd1efc3e/userFiles-cd401039-ab49-4ab6-a8ba-fa914fc6eb3b/org.xerial.snappy_snappy-java-1.1.7.5.jar
23/06/29 16:41:24 INFO SparkContext: Added file file:///opt/bitnami/spark/.ivy2/jars/org.slf4j_slf4j-api-1.7.30.jar at file:///opt/bitnami/spark/.ivy2/jars/org.slf4j_slf4j-api-1.7.30.jar with timestamp 1688056882564
23/06/29 16:41:24 INFO Utils: Copying /opt/bitnami/spark/.ivy2/jars/org.slf4j_slf4j-api-1.7.30.jar to /tmp/spark-631685c8-8af0-419b-a626-8450dd1efc3e/userFiles-cd401039-ab49-4ab6-a8ba-fa914fc6eb3b/org.slf4j_slf4j-api-1.7.30.jar
23/06/29 16:41:24 INFO Executor: Starting executor ID driver on host ffae6fcc9e76
23/06/29 16:41:24 INFO Executor: Fetching file:///opt/bitnami/spark/.ivy2/jars/org.apache.spark_spark-token-provider-kafka-0-10_2.12-3.0.0.jar with timestamp 1688056882564
23/06/29 16:41:24 INFO Utils: /opt/bitnami/spark/.ivy2/jars/org.apache.spark_spark-token-provider-kafka-0-10_2.12-3.0.0.jar has been previously copied to /tmp/spark-631685c8-8af0-419b-a626-8450dd1efc3e/userFiles-cd401039-ab49-4ab6-a8ba-fa914fc6eb3b/org.apache.spark_spark-token-provider-kafka-0-10_2.12-3.0.0.jar
23/06/29 16:41:24 INFO Executor: Fetching file:///opt/bitnami/spark/.ivy2/jars/com.github.luben_zstd-jni-1.4.4-3.jar with timestamp 1688056882564
23/06/29 16:41:24 INFO Utils: /opt/bitnami/spark/.ivy2/jars/com.github.luben_zstd-jni-1.4.4-3.jar has been previously copied to /tmp/spark-631685c8-8af0-419b-a626-8450dd1efc3e/userFiles-cd401039-ab49-4ab6-a8ba-fa914fc6eb3b/com.github.luben_zstd-jni-1.4.4-3.jar
23/06/29 16:41:24 INFO Executor: Fetching file:///opt/bitnami/spark/.ivy2/jars/org.xerial.snappy_snappy-java-1.1.7.5.jar with timestamp 1688056882564
23/06/29 16:41:24 INFO Utils: /opt/bitnami/spark/.ivy2/jars/org.xerial.snappy_snappy-java-1.1.7.5.jar has been previously copied to /tmp/spark-631685c8-8af0-419b-a626-8450dd1efc3e/userFiles-cd401039-ab49-4ab6-a8ba-fa914fc6eb3b/org.xerial.snappy_snappy-java-1.1.7.5.jar
23/06/29 16:41:24 INFO Executor: Fetching file:///opt/bitnami/spark/.ivy2/jars/org.apache.kafka_kafka-clients-2.4.1.jar with timestamp 1688056882564
23/06/29 16:41:24 INFO Utils: /opt/bitnami/spark/.ivy2/jars/org.apache.kafka_kafka-clients-2.4.1.jar has been previously copied to /tmp/spark-631685c8-8af0-419b-a626-8450dd1efc3e/userFiles-cd401039-ab49-4ab6-a8ba-fa914fc6eb3b/org.apache.kafka_kafka-clients-2.4.1.jar
23/06/29 16:41:25 INFO Executor: Fetching file:///opt/bitnami/spark/.ivy2/jars/org.apache.spark_spark-sql-kafka-0-10_2.12-3.0.0.jar with timestamp 1688056882564
23/06/29 16:41:25 INFO Utils: /opt/bitnami/spark/.ivy2/jars/org.apache.spark_spark-sql-kafka-0-10_2.12-3.0.0.jar has been previously copied to /tmp/spark-631685c8-8af0-419b-a626-8450dd1efc3e/userFiles-cd401039-ab49-4ab6-a8ba-fa914fc6eb3b/org.apache.spark_spark-sql-kafka-0-10_2.12-3.0.0.jar
23/06/29 16:41:25 INFO Executor: Fetching file:///opt/bitnami/spark/.ivy2/jars/org.apache.commons_commons-pool2-2.6.2.jar with timestamp 1688056882564
23/06/29 16:41:25 INFO Utils: /opt/bitnami/spark/.ivy2/jars/org.apache.commons_commons-pool2-2.6.2.jar has been previously copied to /tmp/spark-631685c8-8af0-419b-a626-8450dd1efc3e/userFiles-cd401039-ab49-4ab6-a8ba-fa914fc6eb3b/org.apache.commons_commons-pool2-2.6.2.jar
23/06/29 16:41:25 INFO Executor: Fetching file:///opt/bitnami/spark/.ivy2/jars/org.spark-project.spark_unused-1.0.0.jar with timestamp 1688056882564
23/06/29 16:41:25 INFO Utils: /opt/bitnami/spark/.ivy2/jars/org.spark-project.spark_unused-1.0.0.jar has been previously copied to /tmp/spark-631685c8-8af0-419b-a626-8450dd1efc3e/userFiles-cd401039-ab49-4ab6-a8ba-fa914fc6eb3b/org.spark-project.spark_unused-1.0.0.jar
23/06/29 16:41:25 INFO Executor: Fetching file:///opt/bitnami/spark/.ivy2/jars/org.lz4_lz4-java-1.7.1.jar with timestamp 1688056882564
23/06/29 16:41:25 INFO Utils: /opt/bitnami/spark/.ivy2/jars/org.lz4_lz4-java-1.7.1.jar has been previously copied to /tmp/spark-631685c8-8af0-419b-a626-8450dd1efc3e/userFiles-cd401039-ab49-4ab6-a8ba-fa914fc6eb3b/org.lz4_lz4-java-1.7.1.jar
23/06/29 16:41:25 INFO Executor: Fetching file:///opt/bitnami/spark/.ivy2/jars/org.slf4j_slf4j-api-1.7.30.jar with timestamp 1688056882564
23/06/29 16:41:25 INFO Utils: /opt/bitnami/spark/.ivy2/jars/org.slf4j_slf4j-api-1.7.30.jar has been previously copied to /tmp/spark-631685c8-8af0-419b-a626-8450dd1efc3e/userFiles-cd401039-ab49-4ab6-a8ba-fa914fc6eb3b/org.slf4j_slf4j-api-1.7.30.jar
23/06/29 16:41:25 INFO Executor: Fetching spark://ffae6fcc9e76:41075/jars/org.apache.spark_spark-sql-kafka-0-10_2.12-3.0.0.jar with timestamp 1688056882564
23/06/29 16:41:25 INFO TransportClientFactory: Successfully created connection to ffae6fcc9e76/172.23.0.4:41075 after 41 ms (0 ms spent in bootstraps)
23/06/29 16:41:25 INFO Utils: Fetching spark://ffae6fcc9e76:41075/jars/org.apache.spark_spark-sql-kafka-0-10_2.12-3.0.0.jar to /tmp/spark-631685c8-8af0-419b-a626-8450dd1efc3e/userFiles-cd401039-ab49-4ab6-a8ba-fa914fc6eb3b/fetchFileTemp8593334782969969037.tmp
23/06/29 16:41:25 INFO Utils: /tmp/spark-631685c8-8af0-419b-a626-8450dd1efc3e/userFiles-cd401039-ab49-4ab6-a8ba-fa914fc6eb3b/fetchFileTemp8593334782969969037.tmp has been previously copied to /tmp/spark-631685c8-8af0-419b-a626-8450dd1efc3e/userFiles-cd401039-ab49-4ab6-a8ba-fa914fc6eb3b/org.apache.spark_spark-sql-kafka-0-10_2.12-3.0.0.jar
23/06/29 16:41:25 INFO Executor: Adding file:/tmp/spark-631685c8-8af0-419b-a626-8450dd1efc3e/userFiles-cd401039-ab49-4ab6-a8ba-fa914fc6eb3b/org.apache.spark_spark-sql-kafka-0-10_2.12-3.0.0.jar to class loader
23/06/29 16:41:25 INFO Executor: Fetching spark://ffae6fcc9e76:41075/jars/org.lz4_lz4-java-1.7.1.jar with timestamp 1688056882564
23/06/29 16:41:25 INFO Utils: Fetching spark://ffae6fcc9e76:41075/jars/org.lz4_lz4-java-1.7.1.jar to /tmp/spark-631685c8-8af0-419b-a626-8450dd1efc3e/userFiles-cd401039-ab49-4ab6-a8ba-fa914fc6eb3b/fetchFileTemp8924057063868008097.tmp
23/06/29 16:41:25 INFO Utils: /tmp/spark-631685c8-8af0-419b-a626-8450dd1efc3e/userFiles-cd401039-ab49-4ab6-a8ba-fa914fc6eb3b/fetchFileTemp8924057063868008097.tmp has been previously copied to /tmp/spark-631685c8-8af0-419b-a626-8450dd1efc3e/userFiles-cd401039-ab49-4ab6-a8ba-fa914fc6eb3b/org.lz4_lz4-java-1.7.1.jar
23/06/29 16:41:25 INFO Executor: Adding file:/tmp/spark-631685c8-8af0-419b-a626-8450dd1efc3e/userFiles-cd401039-ab49-4ab6-a8ba-fa914fc6eb3b/org.lz4_lz4-java-1.7.1.jar to class loader
23/06/29 16:41:25 INFO Executor: Fetching spark://ffae6fcc9e76:41075/jars/org.apache.kafka_kafka-clients-2.4.1.jar with timestamp 1688056882564
23/06/29 16:41:25 INFO Utils: Fetching spark://ffae6fcc9e76:41075/jars/org.apache.kafka_kafka-clients-2.4.1.jar to /tmp/spark-631685c8-8af0-419b-a626-8450dd1efc3e/userFiles-cd401039-ab49-4ab6-a8ba-fa914fc6eb3b/fetchFileTemp814911890264091871.tmp
23/06/29 16:41:25 INFO Utils: /tmp/spark-631685c8-8af0-419b-a626-8450dd1efc3e/userFiles-cd401039-ab49-4ab6-a8ba-fa914fc6eb3b/fetchFileTemp814911890264091871.tmp has been previously copied to /tmp/spark-631685c8-8af0-419b-a626-8450dd1efc3e/userFiles-cd401039-ab49-4ab6-a8ba-fa914fc6eb3b/org.apache.kafka_kafka-clients-2.4.1.jar
23/06/29 16:41:25 INFO Executor: Adding file:/tmp/spark-631685c8-8af0-419b-a626-8450dd1efc3e/userFiles-cd401039-ab49-4ab6-a8ba-fa914fc6eb3b/org.apache.kafka_kafka-clients-2.4.1.jar to class loader
23/06/29 16:41:25 INFO Executor: Fetching spark://ffae6fcc9e76:41075/jars/com.github.luben_zstd-jni-1.4.4-3.jar with timestamp 1688056882564
23/06/29 16:41:25 INFO Utils: Fetching spark://ffae6fcc9e76:41075/jars/com.github.luben_zstd-jni-1.4.4-3.jar to /tmp/spark-631685c8-8af0-419b-a626-8450dd1efc3e/userFiles-cd401039-ab49-4ab6-a8ba-fa914fc6eb3b/fetchFileTemp4338264491836956.tmp
23/06/29 16:41:25 INFO Utils: /tmp/spark-631685c8-8af0-419b-a626-8450dd1efc3e/userFiles-cd401039-ab49-4ab6-a8ba-fa914fc6eb3b/fetchFileTemp4338264491836956.tmp has been previously copied to /tmp/spark-631685c8-8af0-419b-a626-8450dd1efc3e/userFiles-cd401039-ab49-4ab6-a8ba-fa914fc6eb3b/com.github.luben_zstd-jni-1.4.4-3.jar
23/06/29 16:41:25 INFO Executor: Adding file:/tmp/spark-631685c8-8af0-419b-a626-8450dd1efc3e/userFiles-cd401039-ab49-4ab6-a8ba-fa914fc6eb3b/com.github.luben_zstd-jni-1.4.4-3.jar to class loader
23/06/29 16:41:25 INFO Executor: Fetching spark://ffae6fcc9e76:41075/jars/org.apache.commons_commons-pool2-2.6.2.jar with timestamp 1688056882564
23/06/29 16:41:25 INFO Utils: Fetching spark://ffae6fcc9e76:41075/jars/org.apache.commons_commons-pool2-2.6.2.jar to /tmp/spark-631685c8-8af0-419b-a626-8450dd1efc3e/userFiles-cd401039-ab49-4ab6-a8ba-fa914fc6eb3b/fetchFileTemp7727232715083561095.tmp
23/06/29 16:41:25 INFO Utils: /tmp/spark-631685c8-8af0-419b-a626-8450dd1efc3e/userFiles-cd401039-ab49-4ab6-a8ba-fa914fc6eb3b/fetchFileTemp7727232715083561095.tmp has been previously copied to /tmp/spark-631685c8-8af0-419b-a626-8450dd1efc3e/userFiles-cd401039-ab49-4ab6-a8ba-fa914fc6eb3b/org.apache.commons_commons-pool2-2.6.2.jar
23/06/29 16:41:25 INFO Executor: Adding file:/tmp/spark-631685c8-8af0-419b-a626-8450dd1efc3e/userFiles-cd401039-ab49-4ab6-a8ba-fa914fc6eb3b/org.apache.commons_commons-pool2-2.6.2.jar to class loader
23/06/29 16:41:25 INFO Executor: Fetching spark://ffae6fcc9e76:41075/jars/org.slf4j_slf4j-api-1.7.30.jar with timestamp 1688056882564
23/06/29 16:41:25 INFO Utils: Fetching spark://ffae6fcc9e76:41075/jars/org.slf4j_slf4j-api-1.7.30.jar to /tmp/spark-631685c8-8af0-419b-a626-8450dd1efc3e/userFiles-cd401039-ab49-4ab6-a8ba-fa914fc6eb3b/fetchFileTemp5083562329859865014.tmp
23/06/29 16:41:25 INFO Utils: /tmp/spark-631685c8-8af0-419b-a626-8450dd1efc3e/userFiles-cd401039-ab49-4ab6-a8ba-fa914fc6eb3b/fetchFileTemp5083562329859865014.tmp has been previously copied to /tmp/spark-631685c8-8af0-419b-a626-8450dd1efc3e/userFiles-cd401039-ab49-4ab6-a8ba-fa914fc6eb3b/org.slf4j_slf4j-api-1.7.30.jar
23/06/29 16:41:25 INFO Executor: Adding file:/tmp/spark-631685c8-8af0-419b-a626-8450dd1efc3e/userFiles-cd401039-ab49-4ab6-a8ba-fa914fc6eb3b/org.slf4j_slf4j-api-1.7.30.jar to class loader
23/06/29 16:41:25 INFO Executor: Fetching spark://ffae6fcc9e76:41075/jars/org.xerial.snappy_snappy-java-1.1.7.5.jar with timestamp 1688056882564
23/06/29 16:41:25 INFO Utils: Fetching spark://ffae6fcc9e76:41075/jars/org.xerial.snappy_snappy-java-1.1.7.5.jar to /tmp/spark-631685c8-8af0-419b-a626-8450dd1efc3e/userFiles-cd401039-ab49-4ab6-a8ba-fa914fc6eb3b/fetchFileTemp5921029644920437989.tmp
23/06/29 16:41:25 INFO Utils: /tmp/spark-631685c8-8af0-419b-a626-8450dd1efc3e/userFiles-cd401039-ab49-4ab6-a8ba-fa914fc6eb3b/fetchFileTemp5921029644920437989.tmp has been previously copied to /tmp/spark-631685c8-8af0-419b-a626-8450dd1efc3e/userFiles-cd401039-ab49-4ab6-a8ba-fa914fc6eb3b/org.xerial.snappy_snappy-java-1.1.7.5.jar
23/06/29 16:41:25 INFO Executor: Adding file:/tmp/spark-631685c8-8af0-419b-a626-8450dd1efc3e/userFiles-cd401039-ab49-4ab6-a8ba-fa914fc6eb3b/org.xerial.snappy_snappy-java-1.1.7.5.jar to class loader
23/06/29 16:41:25 INFO Executor: Fetching spark://ffae6fcc9e76:41075/jars/org.spark-project.spark_unused-1.0.0.jar with timestamp 1688056882564
23/06/29 16:41:25 INFO Utils: Fetching spark://ffae6fcc9e76:41075/jars/org.spark-project.spark_unused-1.0.0.jar to /tmp/spark-631685c8-8af0-419b-a626-8450dd1efc3e/userFiles-cd401039-ab49-4ab6-a8ba-fa914fc6eb3b/fetchFileTemp5616099007804993765.tmp
23/06/29 16:41:25 INFO Utils: /tmp/spark-631685c8-8af0-419b-a626-8450dd1efc3e/userFiles-cd401039-ab49-4ab6-a8ba-fa914fc6eb3b/fetchFileTemp5616099007804993765.tmp has been previously copied to /tmp/spark-631685c8-8af0-419b-a626-8450dd1efc3e/userFiles-cd401039-ab49-4ab6-a8ba-fa914fc6eb3b/org.spark-project.spark_unused-1.0.0.jar
23/06/29 16:41:25 INFO Executor: Adding file:/tmp/spark-631685c8-8af0-419b-a626-8450dd1efc3e/userFiles-cd401039-ab49-4ab6-a8ba-fa914fc6eb3b/org.spark-project.spark_unused-1.0.0.jar to class loader
23/06/29 16:41:25 INFO Executor: Fetching spark://ffae6fcc9e76:41075/jars/org.apache.spark_spark-token-provider-kafka-0-10_2.12-3.0.0.jar with timestamp 1688056882564
23/06/29 16:41:25 INFO Utils: Fetching spark://ffae6fcc9e76:41075/jars/org.apache.spark_spark-token-provider-kafka-0-10_2.12-3.0.0.jar to /tmp/spark-631685c8-8af0-419b-a626-8450dd1efc3e/userFiles-cd401039-ab49-4ab6-a8ba-fa914fc6eb3b/fetchFileTemp4363630436630542088.tmp
23/06/29 16:41:25 INFO Utils: /tmp/spark-631685c8-8af0-419b-a626-8450dd1efc3e/userFiles-cd401039-ab49-4ab6-a8ba-fa914fc6eb3b/fetchFileTemp4363630436630542088.tmp has been previously copied to /tmp/spark-631685c8-8af0-419b-a626-8450dd1efc3e/userFiles-cd401039-ab49-4ab6-a8ba-fa914fc6eb3b/org.apache.spark_spark-token-provider-kafka-0-10_2.12-3.0.0.jar
23/06/29 16:41:25 INFO Executor: Adding file:/tmp/spark-631685c8-8af0-419b-a626-8450dd1efc3e/userFiles-cd401039-ab49-4ab6-a8ba-fa914fc6eb3b/org.apache.spark_spark-token-provider-kafka-0-10_2.12-3.0.0.jar to class loader
23/06/29 16:41:25 INFO Utils: Successfully started service 'org.apache.spark.network.netty.NettyBlockTransferService' on port 38273.
23/06/29 16:41:25 INFO NettyBlockTransferService: Server created on ffae6fcc9e76:38273
23/06/29 16:41:25 INFO BlockManager: Using org.apache.spark.storage.RandomBlockReplicationPolicy for block replication policy
23/06/29 16:41:25 INFO BlockManagerMaster: Registering BlockManager BlockManagerId(driver, ffae6fcc9e76, 38273, None)
23/06/29 16:41:25 INFO BlockManagerMasterEndpoint: Registering block manager ffae6fcc9e76:38273 with 366.3 MiB RAM, BlockManagerId(driver, ffae6fcc9e76, 38273, None)
23/06/29 16:41:25 INFO BlockManagerMaster: Registered BlockManager BlockManagerId(driver, ffae6fcc9e76, 38273, None)
23/06/29 16:41:25 INFO BlockManager: Initialized BlockManager: BlockManagerId(driver, ffae6fcc9e76, 38273, None)
23/06/29 16:41:26 INFO SharedState: Setting hive.metastore.warehouse.dir ('null') to the value of spark.sql.warehouse.dir.
23/06/29 16:41:26 INFO SharedState: Warehouse path is 'file:/opt/bitnami/spark/spark-warehouse'.
23/06/29 16:41:34 WARN ResolveWriteToStream: spark.sql.adaptive.enabled is not supported in streaming DataFrames/Datasets and will be disabled.
23/06/29 16:41:35 ERROR MicroBatchExecution: Query [id = 198e692d-1716-4223-8578-ed1a3f307985, runId = 549cd328-ea9c-4a03-bb0e-ceb02fa81ed1] terminated with error
java.lang.NoClassDefFoundError: org/apache/spark/sql/internal/connector/SupportsStreamingUpdate
	at java.lang.ClassLoader.defineClass1(Native Method)
	at java.lang.ClassLoader.defineClass(ClassLoader.java:756)
	at java.security.SecureClassLoader.defineClass(SecureClassLoader.java:142)
	at java.net.URLClassLoader.defineClass(URLClassLoader.java:473)
	at java.net.URLClassLoader.access$100(URLClassLoader.java:74)
	at java.net.URLClassLoader$1.run(URLClassLoader.java:369)
	at java.net.URLClassLoader$1.run(URLClassLoader.java:363)
	at java.security.AccessController.doPrivileged(Native Method)
	at java.net.URLClassLoader.findClass(URLClassLoader.java:362)
	at java.lang.ClassLoader.loadClass(ClassLoader.java:418)
	at java.lang.ClassLoader.loadClass(ClassLoader.java:351)
	at org.apache.spark.sql.kafka010.KafkaSourceProvider$KafkaTable.newWriteBuilder(KafkaSourceProvider.scala:397)
	at org.apache.spark.sql.execution.streaming.StreamExecution.createStreamingWrite(StreamExecution.scala:590)
	at org.apache.spark.sql.execution.streaming.MicroBatchExecution.logicalPlan$lzycompute(MicroBatchExecution.scala:140)
	at org.apache.spark.sql.execution.streaming.MicroBatchExecution.logicalPlan(MicroBatchExecution.scala:59)
	at org.apache.spark.sql.execution.streaming.StreamExecution.$anonfun$runStream$1(StreamExecution.scala:295)
	at scala.runtime.java8.JFunction0$mcV$sp.apply(JFunction0$mcV$sp.java:23)
	at org.apache.spark.sql.SparkSession.withActive(SparkSession.scala:775)
	at org.apache.spark.sql.execution.streaming.StreamExecution.org$apache$spark$sql$execution$streaming$StreamExecution$$runStream(StreamExecution.scala:286)
	at org.apache.spark.sql.execution.streaming.StreamExecution$$anon$1.run(StreamExecution.scala:209)
Caused by: java.lang.ClassNotFoundException: org.apache.spark.sql.internal.connector.SupportsStreamingUpdate
	at java.net.URLClassLoader.findClass(URLClassLoader.java:387)
	at java.lang.ClassLoader.loadClass(ClassLoader.java:418)
	at java.lang.ClassLoader.loadClass(ClassLoader.java:351)
	... 20 more
Exception in thread "stream execution thread for [id = 198e692d-1716-4223-8578-ed1a3f307985, runId = 549cd328-ea9c-4a03-bb0e-ceb02fa81ed1]" java.lang.NoClassDefFoundError: org/apache/spark/sql/internal/connector/SupportsStreamingUpdate
	at java.lang.ClassLoader.defineClass1(Native Method)
	at java.lang.ClassLoader.defineClass(ClassLoader.java:756)
	at java.security.SecureClassLoader.defineClass(SecureClassLoader.java:142)
	at java.net.URLClassLoader.defineClass(URLClassLoader.java:473)
	at java.net.URLClassLoader.access$100(URLClassLoader.java:74)
	at java.net.URLClassLoader$1.run(URLClassLoader.java:369)
	at java.net.URLClassLoader$1.run(URLClassLoader.java:363)
	at java.security.AccessController.doPrivileged(Native Method)
	at java.net.URLClassLoader.findClass(URLClassLoader.java:362)
	at java.lang.ClassLoader.loadClass(ClassLoader.java:418)
	at java.lang.ClassLoader.loadClass(ClassLoader.java:351)
	at org.apache.spark.sql.kafka010.KafkaSourceProvider$KafkaTable.newWriteBuilder(KafkaSourceProvider.scala:397)
	at org.apache.spark.sql.execution.streaming.StreamExecution.createStreamingWrite(StreamExecution.scala:590)
	at org.apache.spark.sql.execution.streaming.MicroBatchExecution.logicalPlan$lzycompute(MicroBatchExecution.scala:140)
	at org.apache.spark.sql.execution.streaming.MicroBatchExecution.logicalPlan(MicroBatchExecution.scala:59)
	at org.apache.spark.sql.execution.streaming.StreamExecution.$anonfun$runStream$1(StreamExecution.scala:295)
	at scala.runtime.java8.JFunction0$mcV$sp.apply(JFunction0$mcV$sp.java:23)
	at org.apache.spark.sql.SparkSession.withActive(SparkSession.scala:775)
	at org.apache.spark.sql.execution.streaming.StreamExecution.org$apache$spark$sql$execution$streaming$StreamExecution$$runStream(StreamExecution.scala:286)
	at org.apache.spark.sql.execution.streaming.StreamExecution$$anon$1.run(StreamExecution.scala:209)
Caused by: java.lang.ClassNotFoundException: org.apache.spark.sql.internal.connector.SupportsStreamingUpdate
	at java.net.URLClassLoader.findClass(URLClassLoader.java:387)
	at java.lang.ClassLoader.loadClass(ClassLoader.java:418)
	at java.lang.ClassLoader.loadClass(ClassLoader.java:351)
	... 20 more
Traceback (most recent call last):
  File "/home/workspace/sparkpykafkajoin.py", line 179, in <module>
    stediRiskScoreStreamingDF.select(to_json(struct(col("*"))).alias("value"))\
  File "/opt/bitnami/spark/python/lib/pyspark.zip/pyspark/sql/streaming.py", line 101, in awaitTermination
  File "/opt/bitnami/spark/python/lib/py4j-0.10.9.3-src.zip/py4j/java_gateway.py", line 1321, in __call__
  File "/opt/bitnami/spark/python/lib/pyspark.zip/pyspark/sql/utils.py", line 117, in deco
pyspark.sql.utils.StreamingQueryException: org/apache/spark/sql/internal/connector/SupportsStreamingUpdate
=== Streaming Query ===
Identifier: [id = 198e692d-1716-4223-8578-ed1a3f307985, runId = 549cd328-ea9c-4a03-bb0e-ceb02fa81ed1]
Current Committed Offsets: {}
Current Available Offsets: {}

Current State: INITIALIZING
Thread State: RUNNABLE
